1524406164941	geckodriver	INFO	geckodriver 0.20.0
1524406164951	geckodriver	INFO	Listening on 127.0.0.1:56827
1524406168110	mozrunner::runner	INFO	Running command: "C:\\Program Files (x86)\\Mozilla Firefox\\firefox.exe" "-marionette" "-profile" "C:\\Users\\ZHANGW~1\\AppData\\Local\\Temp\\rust_mozprofile.IH7WghsVvhk1"
1524406168892	Marionette	INFO	Enabled via --marionette
1524406170584	Marionette	INFO	Listening on port 56837
1524406171302	Marionette	WARN	TLS certificate errors will be ignored for this session
[Child 22168, Chrome_ChildThread] WARNING: pipe error: 109: file z:/build/build/src/ipc/chromium/src/chrome/common/ipc_channel_win.cc, line 346
[Child 22168, Chrome_ChildThread] WARNING: pipe error: 232: file z:/build/build/src/ipc/chromium/src/chrome/common/ipc_channel_win.cc, line 513
[Child 22168, Chrome_ChildThread] WARNING: pipe error: 109: file z:/build/build/src/ipc/chromium/src/chrome/common/ipc_channel_win.cc, line 346
[Child 7340, Chrome_ChildThread] WARNING: pipe error: 109: file z:/build/build/src/ipc/chromium/src/chrome/common/ipc_channel_win.cc, line 346
[Child 7340, Chrome_ChildThread] WARNING: pipe e*** UTM:SVC TimerManager:registerTimer called after profile-before-change notification. Ignoring timer registration for id: telemetry_modules_ping

###!!! [Child][MessageChannel::SendAndWait] Error: Channel error: cannot send/recv

1524406213107	geckodriver::marionette	ERROR	Failed to stop browser process
1524406319341	geckodriver	INFO	geckodriver 0.20.0
1524406319361	geckodriver	INFO	Listening on 127.0.0.1:60538
1524406322478	mozrunner::runner	INFO	Running command: "C:\\Program Files (x86)\\Mozilla Firefox\\firefox.exe" "-marionette" "-profile" "C:\\Users\\ZHANGW~1\\AppData\\Local\\Temp\\rust_mozprofile.cHZLaHT39ao8"
1524406323476	Marionette	INFO	Enabled via --marionette
1524406325280	Marionette	INFO	Listening on port 60550
1524406325660	Marionette	WARN	TLS certificate errors will be ignored for this session
[Child 21080, Chrome_ChildThread] WARNING: pipe error: 109: file z:/build/build/src/ipc/chromium/src/chrome/common/ipc_channel_win.cc, line 346
[Child 21080, Chrome_C[Child 26060, Chrome_ChildThread] WARNI
###!!! [Child][RunMessage] Error: Channel closing: too late to send/recv, messages will be lost

NG: pipe error: 109: file z:/build/build/src/ipc/chromium/src/chrome/common/ipc_channel_win.cc, line 346
[Child 26060, Chrome_ChildThread] WARNING: pipe error: 109: file z:/build/build/src/ipc/chromium/src/chrome/common/ipc_channel_win.cc, line 346
[Child 17916*** UTM:SVC TimerManager:registerTimer called after profile-before-change notification. Ignoring timer registration for id: telemetry_modules_ping
[GPU 21512, Chrom
###!!! [Child][MessageChannel::SendAndWait] Error: Channel error: cannot send/recv

1524406336369	geckodriver::marionette	ERROR	Failed to stop browser process
